[INFO] 2018-09-07 20:20:10.433 [main] [org.springframework.boot.StartupInfoLogger]48 - Starting Application on DESKTOP-6OE57TT with PID 21960 (E:\spring_workspace\springsecurity-customAccessDecisionVoter-baseOnSpringboot\target\classes started by hp in E:\spring_workspace\springsecurity-customAccessDecisionVoter-baseOnSpringboot) 
[INFO] 2018-09-07 20:20:10.434 [main] [org.springframework.boot.SpringApplication]637 - No active profile set, falling back to default profiles: default 
[INFO] 2018-09-07 20:20:10.690 [main] [org.springframework.context.support.AbstractApplicationContext]582 - Refreshing org.springframework.boot.context.embedded.AnnotationConfigEmbeddedWebApplicationContext@2c07545f: startup date [Fri Sep 07 20:20:10 CST 2018]; root of context hierarchy 
[INFO] 2018-09-07 20:20:11.495 [background-preinit] [org.hibernate.validator.internal.util.Version]30 - HV000001: Hibernate Validator 5.3.5.Final 
[INFO] 2018-09-07 20:20:13.821 [main] [org.springframework.data.repository.config.RepositoryConfigurationDelegate]165 - Multiple Spring Data modules found, entering strict repository configuration mode! 
[INFO] 2018-09-07 20:20:15.275 [main] [org.springframework.context.support.PostProcessorRegistrationDelegate$BeanPostProcessorChecker]325 - Bean 'org.springframework.security.config.annotation.configuration.ObjectPostProcessorConfiguration' of type [org.springframework.security.config.annotation.configuration.ObjectPostProcessorConfiguration$$EnhancerBySpringCGLIB$$72e729c] is not eligible for getting processed by all BeanPostProcessors (for example: not eligible for auto-proxying) 
[INFO] 2018-09-07 20:20:15.289 [main] [org.springframework.context.support.PostProcessorRegistrationDelegate$BeanPostProcessorChecker]325 - Bean 'org.springframework.transaction.annotation.ProxyTransactionManagementConfiguration' of type [org.springframework.transaction.annotation.ProxyTransactionManagementConfiguration$$EnhancerBySpringCGLIB$$6e80aa62] is not eligible for getting processed by all BeanPostProcessors (for example: not eligible for auto-proxying) 
[INFO] 2018-09-07 20:20:15.400 [main] [org.springframework.context.support.PostProcessorRegistrationDelegate$BeanPostProcessorChecker]325 - Bean 'objectPostProcessor' of type [org.springframework.security.config.annotation.configuration.AutowireBeanFactoryObjectPostProcessor] is not eligible for getting processed by all BeanPostProcessors (for example: not eligible for auto-proxying) 
[INFO] 2018-09-07 20:20:15.402 [main] [org.springframework.context.support.PostProcessorRegistrationDelegate$BeanPostProcessorChecker]325 - Bean 'org.springframework.security.access.expression.method.DefaultMethodSecurityExpressionHandler@d535a3d' of type [org.springframework.security.access.expression.method.DefaultMethodSecurityExpressionHandler] is not eligible for getting processed by all BeanPostProcessors (for example: not eligible for auto-proxying) 
[INFO] 2018-09-07 20:20:15.415 [main] [org.springframework.context.support.PostProcessorRegistrationDelegate$BeanPostProcessorChecker]325 - Bean 'org.springframework.security.config.annotation.method.configuration.GlobalMethodSecurityConfiguration' of type [org.springframework.security.config.annotation.method.configuration.GlobalMethodSecurityConfiguration$$EnhancerBySpringCGLIB$$2c03154e] is not eligible for getting processed by all BeanPostProcessors (for example: not eligible for auto-proxying) 
[INFO] 2018-09-07 20:20:15.430 [main] [org.springframework.context.support.PostProcessorRegistrationDelegate$BeanPostProcessorChecker]325 - Bean 'methodSecurityMetadataSource' of type [org.springframework.security.access.method.DelegatingMethodSecurityMetadataSource] is not eligible for getting processed by all BeanPostProcessors (for example: not eligible for auto-proxying) 
[INFO] 2018-09-07 20:20:16.608 [main] [org.springframework.boot.context.embedded.tomcat.TomcatEmbeddedServletContainer]89 - Tomcat initialized with port(s): 8088 (http) 
[INFO] 2018-09-07 20:20:16.633 [main] [org.apache.juli.logging.DirectJDKLog]179 - Starting service Tomcat 
[INFO] 2018-09-07 20:20:16.634 [main] [org.apache.juli.logging.DirectJDKLog]179 - Starting Servlet Engine: Apache Tomcat/8.5.14 
[INFO] 2018-09-07 20:20:16.812 [localhost-startStop-1] [org.apache.juli.logging.DirectJDKLog]179 - Initializing Spring embedded WebApplicationContext 
[INFO] 2018-09-07 20:20:16.813 [localhost-startStop-1] [org.springframework.boot.context.embedded.EmbeddedWebApplicationContext]276 - Root WebApplicationContext: initialization completed in 6128 ms 
[INFO] 2018-09-07 20:20:17.622 [localhost-startStop-1] [redis.clients.jedis.JedisSentinelPool]136 - Trying to find master from available Sentinels... 
[INFO] 2018-09-07 20:21:44.473 [main] [org.springframework.boot.StartupInfoLogger]48 - Starting Application on DESKTOP-6OE57TT with PID 7308 (E:\spring_workspace\springsecurity-customAccessDecisionVoter-baseOnSpringboot\target\classes started by hp in E:\spring_workspace\springsecurity-customAccessDecisionVoter-baseOnSpringboot) 
[INFO] 2018-09-07 20:21:44.475 [main] [org.springframework.boot.SpringApplication]637 - No active profile set, falling back to default profiles: default 
[INFO] 2018-09-07 20:21:44.588 [main] [org.springframework.context.support.AbstractApplicationContext]582 - Refreshing org.springframework.boot.context.embedded.AnnotationConfigEmbeddedWebApplicationContext@34c01041: startup date [Fri Sep 07 20:21:44 CST 2018]; root of context hierarchy 
[INFO] 2018-09-07 20:21:44.982 [background-preinit] [org.hibernate.validator.internal.util.Version]30 - HV000001: Hibernate Validator 5.3.5.Final 
[INFO] 2018-09-07 20:21:46.364 [main] [org.springframework.data.repository.config.RepositoryConfigurationDelegate]165 - Multiple Spring Data modules found, entering strict repository configuration mode! 
[INFO] 2018-09-07 20:21:47.306 [main] [org.springframework.context.support.PostProcessorRegistrationDelegate$BeanPostProcessorChecker]325 - Bean 'org.springframework.security.config.annotation.configuration.ObjectPostProcessorConfiguration' of type [org.springframework.security.config.annotation.configuration.ObjectPostProcessorConfiguration$$EnhancerBySpringCGLIB$$12c7b88c] is not eligible for getting processed by all BeanPostProcessors (for example: not eligible for auto-proxying) 
[INFO] 2018-09-07 20:21:47.319 [main] [org.springframework.context.support.PostProcessorRegistrationDelegate$BeanPostProcessorChecker]325 - Bean 'org.springframework.transaction.annotation.ProxyTransactionManagementConfiguration' of type [org.springframework.transaction.annotation.ProxyTransactionManagementConfiguration$$EnhancerBySpringCGLIB$$7a19f052] is not eligible for getting processed by all BeanPostProcessors (for example: not eligible for auto-proxying) 
[INFO] 2018-09-07 20:21:47.394 [main] [org.springframework.context.support.PostProcessorRegistrationDelegate$BeanPostProcessorChecker]325 - Bean 'objectPostProcessor' of type [org.springframework.security.config.annotation.configuration.AutowireBeanFactoryObjectPostProcessor] is not eligible for getting processed by all BeanPostProcessors (for example: not eligible for auto-proxying) 
[INFO] 2018-09-07 20:21:47.397 [main] [org.springframework.context.support.PostProcessorRegistrationDelegate$BeanPostProcessorChecker]325 - Bean 'org.springframework.security.access.expression.method.DefaultMethodSecurityExpressionHandler@695c938d' of type [org.springframework.security.access.expression.method.DefaultMethodSecurityExpressionHandler] is not eligible for getting processed by all BeanPostProcessors (for example: not eligible for auto-proxying) 
[INFO] 2018-09-07 20:21:47.408 [main] [org.springframework.context.support.PostProcessorRegistrationDelegate$BeanPostProcessorChecker]325 - Bean 'org.springframework.security.config.annotation.method.configuration.GlobalMethodSecurityConfiguration' of type [org.springframework.security.config.annotation.method.configuration.GlobalMethodSecurityConfiguration$$EnhancerBySpringCGLIB$$379c5b3e] is not eligible for getting processed by all BeanPostProcessors (for example: not eligible for auto-proxying) 
[INFO] 2018-09-07 20:21:47.420 [main] [org.springframework.context.support.PostProcessorRegistrationDelegate$BeanPostProcessorChecker]325 - Bean 'methodSecurityMetadataSource' of type [org.springframework.security.access.method.DelegatingMethodSecurityMetadataSource] is not eligible for getting processed by all BeanPostProcessors (for example: not eligible for auto-proxying) 
[INFO] 2018-09-07 20:21:48.247 [main] [org.springframework.boot.context.embedded.tomcat.TomcatEmbeddedServletContainer]89 - Tomcat initialized with port(s): 8088 (http) 
[INFO] 2018-09-07 20:21:48.265 [main] [org.apache.juli.logging.DirectJDKLog]179 - Starting service Tomcat 
[INFO] 2018-09-07 20:21:48.267 [main] [org.apache.juli.logging.DirectJDKLog]179 - Starting Servlet Engine: Apache Tomcat/8.5.14 
[INFO] 2018-09-07 20:21:48.451 [localhost-startStop-1] [org.apache.juli.logging.DirectJDKLog]179 - Initializing Spring embedded WebApplicationContext 
[INFO] 2018-09-07 20:21:48.452 [localhost-startStop-1] [org.springframework.boot.context.embedded.EmbeddedWebApplicationContext]276 - Root WebApplicationContext: initialization completed in 3869 ms 
[INFO] 2018-09-07 20:21:48.856 [localhost-startStop-1] [redis.clients.jedis.JedisSentinelPool]136 - Trying to find master from available Sentinels... 
[INFO] 2018-09-07 20:21:48.909 [localhost-startStop-1] [redis.clients.jedis.JedisSentinelPool]185 - Redis master running at 192.168.13.62:6382, starting Sentinel listeners... 
[INFO] 2018-09-07 20:21:48.954 [localhost-startStop-1] [redis.clients.jedis.JedisSentinelPool]127 - Created JedisPool to master at 192.168.13.62:6382 
[INFO] 2018-09-07 20:21:49.152 [localhost-startStop-1] [org.springframework.boot.web.servlet.AbstractFilterRegistrationBean]258 - Mapping filter: 'characterEncodingFilter' to: [/*] 
[INFO] 2018-09-07 20:21:49.152 [localhost-startStop-1] [org.springframework.boot.web.servlet.AbstractFilterRegistrationBean]258 - Mapping filter: 'springSessionRepositoryFilter' to: [/*] 
[INFO] 2018-09-07 20:21:49.152 [localhost-startStop-1] [org.springframework.boot.web.servlet.AbstractFilterRegistrationBean]258 - Mapping filter: 'hiddenHttpMethodFilter' to: [/*] 
[INFO] 2018-09-07 20:21:49.152 [localhost-startStop-1] [org.springframework.boot.web.servlet.AbstractFilterRegistrationBean]258 - Mapping filter: 'httpPutFormContentFilter' to: [/*] 
[INFO] 2018-09-07 20:21:49.152 [localhost-startStop-1] [org.springframework.boot.web.servlet.AbstractFilterRegistrationBean]258 - Mapping filter: 'requestContextFilter' to: [/*] 
[INFO] 2018-09-07 20:21:49.154 [localhost-startStop-1] [org.springframework.boot.web.servlet.AbstractFilterRegistrationBean]258 - Mapping filter: 'springSecurityFilterChain' to: [/*] 
[INFO] 2018-09-07 20:21:49.154 [localhost-startStop-1] [org.springframework.boot.web.servlet.AbstractFilterRegistrationBean]258 - Mapping filter: 'corsFilter' to: [/*] 
[INFO] 2018-09-07 20:21:49.154 [localhost-startStop-1] [org.springframework.boot.web.servlet.ServletRegistrationBean]190 - Mapping servlet: 'dispatcherServlet' to [/] 
[INFO] 2018-09-07 20:21:51.914 [main] [org.springframework.web.servlet.handler.AbstractHandlerMethodMapping$MappingRegistry]543 - Mapped "{[/resource/queryCurrentUserMenu],methods=[GET]}" onto public com.gwg.user.web.common.Result com.gwg.user.web.controller.ResourceController.queryCurrentUserMenu() 
[INFO] 2018-09-07 20:21:51.915 [main] [org.springframework.web.servlet.handler.AbstractHandlerMethodMapping$MappingRegistry]543 - Mapped "{[/resource/queryAllResources],methods=[GET]}" onto public com.gwg.user.web.common.Result com.gwg.user.web.controller.ResourceController.queryAllResources() 
[INFO] 2018-09-07 20:21:51.918 [main] [org.springframework.web.servlet.handler.AbstractHandlerMethodMapping$MappingRegistry]543 - Mapped "{[/role/updateRole],methods=[POST]}" onto public com.gwg.user.web.common.Result com.gwg.user.web.controller.RoleController.updateRole(com.gwg.user.web.dto.RoleDto) 
[INFO] 2018-09-07 20:21:51.919 [main] [org.springframework.web.servlet.handler.AbstractHandlerMethodMapping$MappingRegistry]543 - Mapped "{[/role/delRole],methods=[POST]}" onto public com.gwg.user.web.common.Result com.gwg.user.web.controller.RoleController.delRole(com.gwg.user.web.dto.RoleDto) 
[INFO] 2018-09-07 20:21:51.919 [main] [org.springframework.web.servlet.handler.AbstractHandlerMethodMapping$MappingRegistry]543 - Mapped "{[/role/grantResources],methods=[POST]}" onto public com.gwg.user.web.common.Result<?> com.gwg.user.web.controller.RoleController.grantResources(com.gwg.user.web.dto.RoleDto) 
[INFO] 2018-09-07 20:21:51.920 [main] [org.springframework.web.servlet.handler.AbstractHandlerMethodMapping$MappingRegistry]543 - Mapped "{[/role/queryRoleByLimit],methods=[GET]}" onto public com.gwg.user.web.common.Result com.gwg.user.web.controller.RoleController.queryRoleByLimit(com.gwg.user.web.dto.RoleDto) 
[INFO] 2018-09-07 20:21:51.920 [main] [org.springframework.web.servlet.handler.AbstractHandlerMethodMapping$MappingRegistry]543 - Mapped "{[/role/queryRoleRelatedAllResById],methods=[POST]}" onto public com.gwg.user.web.common.Result com.gwg.user.web.controller.RoleController.queryRoleRelatedAllResById(com.gwg.user.web.dto.RoleDto) 
[INFO] 2018-09-07 20:21:51.920 [main] [org.springframework.web.servlet.handler.AbstractHandlerMethodMapping$MappingRegistry]543 - Mapped "{[/role/addRole],methods=[POST]}" onto public com.gwg.user.web.common.Result com.gwg.user.web.controller.RoleController.addRole(com.gwg.user.web.dto.RoleDto) 
[INFO] 2018-09-07 20:21:51.923 [main] [org.springframework.web.servlet.handler.AbstractHandlerMethodMapping$MappingRegistry]543 - Mapped "{[/user/updateUserInfo],methods=[POST]}" onto public com.gwg.user.web.common.Result<?> com.gwg.user.web.controller.UserController.updateUserInfo(com.gwg.user.web.dto.UserDto) 
[INFO] 2018-09-07 20:21:51.924 [main] [org.springframework.web.servlet.handler.AbstractHandlerMethodMapping$MappingRegistry]543 - Mapped "{[/user/addUserInfo],methods=[POST]}" onto public com.gwg.user.web.common.Result<?> com.gwg.user.web.controller.UserController.addUserInfo(com.gwg.user.web.dto.UserDto) 
[INFO] 2018-09-07 20:21:51.924 [main] [org.springframework.web.servlet.handler.AbstractHandlerMethodMapping$MappingRegistry]543 - Mapped "{[/user/queryUserInfoByLimit],methods=[POST]}" onto public com.gwg.user.web.common.Result com.gwg.user.web.controller.UserController.queryStaffInfoByLimit(com.gwg.user.web.dto.UserDto) 
[INFO] 2018-09-07 20:21:51.927 [main] [org.springframework.web.servlet.handler.AbstractHandlerMethodMapping$MappingRegistry]543 - Mapped "{[/v2/api-docs],methods=[GET],produces=[application/json || application/hal+json]}" onto public org.springframework.http.ResponseEntity<springfox.documentation.spring.web.json.Json> springfox.documentation.swagger2.web.Swagger2Controller.getDocumentation(java.lang.String,javax.servlet.http.HttpServletRequest) 
[INFO] 2018-09-07 20:21:51.930 [main] [org.springframework.web.servlet.handler.AbstractHandlerMethodMapping$MappingRegistry]543 - Mapped "{[/configuration/ui]}" onto org.springframework.http.ResponseEntity<springfox.documentation.swagger.web.UiConfiguration> springfox.documentation.swagger.web.ApiResourceController.uiConfiguration() 
[INFO] 2018-09-07 20:21:51.931 [main] [org.springframework.web.servlet.handler.AbstractHandlerMethodMapping$MappingRegistry]543 - Mapped "{[/swagger-resources]}" onto org.springframework.http.ResponseEntity<java.util.List<springfox.documentation.swagger.web.SwaggerResource>> springfox.documentation.swagger.web.ApiResourceController.swaggerResources() 
[INFO] 2018-09-07 20:21:51.932 [main] [org.springframework.web.servlet.handler.AbstractHandlerMethodMapping$MappingRegistry]543 - Mapped "{[/configuration/security]}" onto org.springframework.http.ResponseEntity<springfox.documentation.swagger.web.SecurityConfiguration> springfox.documentation.swagger.web.ApiResourceController.securityConfiguration() 
[INFO] 2018-09-07 20:21:51.940 [main] [org.springframework.web.servlet.handler.AbstractHandlerMethodMapping$MappingRegistry]543 - Mapped "{[/error]}" onto public org.springframework.http.ResponseEntity<java.util.Map<java.lang.String, java.lang.Object>> org.springframework.boot.autoconfigure.web.BasicErrorController.error(javax.servlet.http.HttpServletRequest) 
[INFO] 2018-09-07 20:21:51.941 [main] [org.springframework.web.servlet.handler.AbstractHandlerMethodMapping$MappingRegistry]543 - Mapped "{[/error],produces=[text/html]}" onto public org.springframework.web.servlet.ModelAndView org.springframework.boot.autoconfigure.web.BasicErrorController.errorHtml(javax.servlet.http.HttpServletRequest,javax.servlet.http.HttpServletResponse) 
[INFO] 2018-09-07 20:21:52.539 [main] [com.gwg.user.web.configuration.WebSecurityConfig]70 - 配置spring security start .... 
[INFO] 2018-09-07 20:21:52.621 [main] [org.springframework.security.web.DefaultSecurityFilterChain]43 - Creating filter chain: Ant [pattern='/swagger-ui.html'], [] 
[INFO] 2018-09-07 20:21:52.622 [main] [org.springframework.security.web.DefaultSecurityFilterChain]43 - Creating filter chain: Ant [pattern='/webjars/**'], [] 
[INFO] 2018-09-07 20:21:52.622 [main] [org.springframework.security.web.DefaultSecurityFilterChain]43 - Creating filter chain: Ant [pattern='/swagger-resources/**'], [] 
[INFO] 2018-09-07 20:21:52.622 [main] [org.springframework.security.web.DefaultSecurityFilterChain]43 - Creating filter chain: Ant [pattern='/v2/**'], [] 
[INFO] 2018-09-07 20:21:52.779 [main] [org.springframework.security.web.DefaultSecurityFilterChain]43 - Creating filter chain: org.springframework.security.web.util.matcher.AnyRequestMatcher@1, [org.springframework.security.web.context.request.async.WebAsyncManagerIntegrationFilter@14b5752f, org.springframework.security.web.context.SecurityContextPersistenceFilter@7e0986c9, org.springframework.security.web.header.HeaderWriterFilter@64f3ca6, org.springframework.security.web.authentication.logout.LogoutFilter@67afe909, org.springframework.security.web.authentication.UsernamePasswordAuthenticationFilter@a9e8da1, org.springframework.security.web.session.ConcurrentSessionFilter@7996d0d4, org.springframework.security.web.savedrequest.RequestCacheAwareFilter@48cf8414, org.springframework.security.web.servletapi.SecurityContextHolderAwareRequestFilter@38f502fc, org.springframework.security.web.authentication.AnonymousAuthenticationFilter@b94703b, org.springframework.security.web.session.SessionManagementFilter@721fc2e3, org.springframework.security.web.access.ExceptionTranslationFilter@3dde5f38, org.springframework.security.web.access.intercept.FilterSecurityInterceptor@687a0e40] 
[INFO] 2018-09-07 20:21:53.179 [main] [org.springframework.web.servlet.mvc.method.annotation.RequestMappingHandlerAdapter]534 - Looking for @ControllerAdvice: org.springframework.boot.context.embedded.AnnotationConfigEmbeddedWebApplicationContext@34c01041: startup date [Fri Sep 07 20:21:44 CST 2018]; root of context hierarchy 
[INFO] 2018-09-07 20:21:53.348 [main] [org.springframework.web.servlet.handler.AbstractUrlHandlerMapping]362 - Mapped URL path [/webjars/**] onto handler of type [class org.springframework.web.servlet.resource.ResourceHttpRequestHandler] 
[INFO] 2018-09-07 20:21:53.348 [main] [org.springframework.web.servlet.handler.AbstractUrlHandlerMapping]362 - Mapped URL path [/**] onto handler of type [class org.springframework.web.servlet.resource.ResourceHttpRequestHandler] 
[INFO] 2018-09-07 20:21:53.474 [main] [org.springframework.web.servlet.handler.AbstractUrlHandlerMapping]362 - Mapped URL path [/**/favicon.ico] onto handler of type [class org.springframework.web.servlet.resource.ResourceHttpRequestHandler] 
[INFO] 2018-09-07 20:21:53.571 [main] [org.springframework.boot.autoconfigure.web.WebMvcAutoConfiguration$WelcomePageHandlerMapping]573 - Adding welcome page: ServletContext resource [/index.html] 
[INFO] 2018-09-07 20:21:54.684 [main] [org.springframework.jmx.export.MBeanExporter]431 - Registering beans for JMX exposure on startup 
[INFO] 2018-09-07 20:21:54.688 [main] [org.springframework.jmx.export.MBeanExporter]916 - Bean with name 'dataSource' has been autodetected for JMX exposure 
[INFO] 2018-09-07 20:21:54.695 [main] [org.springframework.jmx.export.MBeanExporter]671 - Located MBean 'dataSource': registering with JMX server as MBean [com.alibaba.druid.pool:name=dataSource,type=DruidDataSource] 
[INFO] 2018-09-07 20:21:54.736 [main] [springfox.documentation.spring.web.plugins.DocumentationPluginsBootstrapper]84 - Context refreshed 
[INFO] 2018-09-07 20:21:54.789 [main] [springfox.documentation.spring.web.plugins.DocumentationPluginsBootstrapper]87 - Found 1 custom documentation plugin(s) 
[INFO] 2018-09-07 20:21:54.807 [main] [springfox.documentation.spring.web.scanners.ApiListingReferenceScanner]44 - Scanning for api listing references 
[INFO] 2018-09-07 20:21:55.240 [main] [org.apache.juli.logging.DirectJDKLog]179 - Initializing ProtocolHandler ["http-nio-8088"] 
[INFO] 2018-09-07 20:21:55.275 [main] [org.apache.juli.logging.DirectJDKLog]179 - Starting ProtocolHandler ["http-nio-8088"] 
[INFO] 2018-09-07 20:21:55.291 [main] [org.apache.juli.logging.DirectJDKLog]179 - Using a shared selector for servlet write/read 
[INFO] 2018-09-07 20:21:55.331 [main] [org.springframework.boot.context.embedded.tomcat.TomcatEmbeddedServletContainer]198 - Tomcat started on port(s): 8088 (http) 
[INFO] 2018-09-07 20:21:55.350 [main] [org.springframework.boot.StartupInfoLogger]57 - Started Application in 11.584 seconds (JVM running for 12.289) 
[INFO] 2018-09-07 20:29:30.808 [http-nio-8088-exec-3] [org.apache.juli.logging.DirectJDKLog]179 - Initializing Spring FrameworkServlet 'dispatcherServlet' 
[INFO] 2018-09-07 20:29:30.808 [http-nio-8088-exec-3] [org.springframework.web.servlet.FrameworkServlet]489 - FrameworkServlet 'dispatcherServlet': initialization started 
[INFO] 2018-09-07 20:29:30.837 [http-nio-8088-exec-3] [org.springframework.web.servlet.FrameworkServlet]508 - FrameworkServlet 'dispatcherServlet': initialization completed in 28 ms 
[INFO] 2018-09-07 20:29:30.901 [http-nio-8088-exec-4] [com.gwg.user.web.configuration.UserDetailsServiceImpl]40 - 前端闯过来的用户名为：00000014 
[INFO] 2018-09-07 20:29:30.901 [http-nio-8088-exec-3] [com.gwg.user.web.configuration.UserDetailsServiceImpl]40 - 前端闯过来的用户名为：00000014 
[INFO] 2018-09-07 20:29:30.971 [http-nio-8088-exec-3] [com.gwg.user.web.handler.UserAuthenticationFailureHandler]29 - 用户认证失败后的处理 start ..... 
[INFO] 2018-09-07 20:29:30.971 [http-nio-8088-exec-4] [com.gwg.user.web.handler.UserAuthenticationFailureHandler]29 - 用户认证失败后的处理 start ..... 
[INFO] 2018-09-07 20:29:39.025 [http-nio-8088-exec-7] [com.gwg.user.web.configuration.UserDetailsServiceImpl]40 - 前端闯过来的用户名为：00000014 
[INFO] 2018-09-07 20:29:39.030 [http-nio-8088-exec-7] [com.gwg.user.web.handler.UserAuthenticationFailureHandler]29 - 用户认证失败后的处理 start ..... 
[INFO] 2018-09-07 20:29:39.032 [http-nio-8088-exec-6] [com.gwg.user.web.configuration.UserDetailsServiceImpl]40 - 前端闯过来的用户名为：00000014 
[INFO] 2018-09-07 20:29:39.036 [http-nio-8088-exec-6] [com.gwg.user.web.handler.UserAuthenticationFailureHandler]29 - 用户认证失败后的处理 start ..... 
[INFO] 2018-09-07 20:29:58.469 [http-nio-8088-exec-8] [com.gwg.user.web.configuration.UserDetailsServiceImpl]40 - 前端闯过来的用户名为：00000014 
[INFO] 2018-09-07 20:29:58.474 [http-nio-8088-exec-8] [com.gwg.user.web.handler.UserAuthenticationFailureHandler]29 - 用户认证失败后的处理 start ..... 
[INFO] 2018-09-07 20:29:58.480 [http-nio-8088-exec-9] [com.gwg.user.web.configuration.UserDetailsServiceImpl]40 - 前端闯过来的用户名为：00000014 
[INFO] 2018-09-07 20:29:58.486 [http-nio-8088-exec-9] [com.gwg.user.web.handler.UserAuthenticationFailureHandler]29 - 用户认证失败后的处理 start ..... 
[INFO] 2018-09-07 20:30:48.043 [http-nio-8088-exec-10] [com.gwg.user.web.configuration.UserDetailsServiceImpl]40 - 前端闯过来的用户名为：00000014 
[INFO] 2018-09-07 20:30:54.387 [http-nio-8088-exec-5] [com.gwg.user.web.configuration.UserDetailsServiceImpl]40 - 前端闯过来的用户名为：00000014 
[INFO] 2018-09-07 20:31:10.269 [http-nio-8088-exec-10] [com.gwg.user.web.handler.UserAuthenticationFailureHandler]29 - 用户认证失败后的处理 start ..... 
[INFO] 2018-09-07 20:31:28.247 [http-nio-8088-exec-5] [com.gwg.user.web.handler.UserAuthenticationFailureHandler]29 - 用户认证失败后的处理 start ..... 
[INFO] 2018-09-07 20:32:03.191 [http-nio-8088-exec-2] [com.gwg.user.web.configuration.UserDetailsServiceImpl]40 - 前端闯过来的用户名为：00000014 
[INFO] 2018-09-07 20:32:05.061 [http-nio-8088-exec-1] [com.gwg.user.web.configuration.UserDetailsServiceImpl]40 - 前端闯过来的用户名为：00000014 
[INFO] 2018-09-07 20:32:20.589 [http-nio-8088-exec-2] [com.gwg.user.web.handler.UserAuthenticationFailureHandler]29 - 用户认证失败后的处理 start ..... 
[INFO] 2018-09-07 20:32:20.589 [http-nio-8088-exec-1] [com.gwg.user.web.handler.UserAuthenticationFailureHandler]29 - 用户认证失败后的处理 start ..... 
[INFO] 2018-09-07 20:34:10.026 [main] [org.springframework.boot.StartupInfoLogger]48 - Starting Application on DESKTOP-6OE57TT with PID 6544 (E:\spring_workspace\springsecurity-customAccessDecisionVoter-baseOnSpringboot\target\classes started by hp in E:\spring_workspace\springsecurity-customAccessDecisionVoter-baseOnSpringboot) 
[INFO] 2018-09-07 20:34:10.028 [main] [org.springframework.boot.SpringApplication]637 - No active profile set, falling back to default profiles: default 
[INFO] 2018-09-07 20:34:10.184 [main] [org.springframework.context.support.AbstractApplicationContext]582 - Refreshing org.springframework.boot.context.embedded.AnnotationConfigEmbeddedWebApplicationContext@34c01041: startup date [Fri Sep 07 20:34:10 CST 2018]; root of context hierarchy 
[INFO] 2018-09-07 20:34:10.820 [background-preinit] [org.hibernate.validator.internal.util.Version]30 - HV000001: Hibernate Validator 5.3.5.Final 
[INFO] 2018-09-07 20:34:13.753 [main] [org.springframework.data.repository.config.RepositoryConfigurationDelegate]165 - Multiple Spring Data modules found, entering strict repository configuration mode! 
[INFO] 2018-09-07 20:34:15.057 [main] [org.springframework.context.support.PostProcessorRegistrationDelegate$BeanPostProcessorChecker]325 - Bean 'org.springframework.security.config.annotation.configuration.ObjectPostProcessorConfiguration' of type [org.springframework.security.config.annotation.configuration.ObjectPostProcessorConfiguration$$EnhancerBySpringCGLIB$$9d98e02f] is not eligible for getting processed by all BeanPostProcessors (for example: not eligible for auto-proxying) 
[INFO] 2018-09-07 20:34:15.072 [main] [org.springframework.context.support.PostProcessorRegistrationDelegate$BeanPostProcessorChecker]325 - Bean 'org.springframework.transaction.annotation.ProxyTransactionManagementConfiguration' of type [org.springframework.transaction.annotation.ProxyTransactionManagementConfiguration$$EnhancerBySpringCGLIB$$4eb17f5] is not eligible for getting processed by all BeanPostProcessors (for example: not eligible for auto-proxying) 
[INFO] 2018-09-07 20:34:15.172 [main] [org.springframework.context.support.PostProcessorRegistrationDelegate$BeanPostProcessorChecker]325 - Bean 'objectPostProcessor' of type [org.springframework.security.config.annotation.configuration.AutowireBeanFactoryObjectPostProcessor] is not eligible for getting processed by all BeanPostProcessors (for example: not eligible for auto-proxying) 
[INFO] 2018-09-07 20:34:15.175 [main] [org.springframework.context.support.PostProcessorRegistrationDelegate$BeanPostProcessorChecker]325 - Bean 'org.springframework.security.access.expression.method.DefaultMethodSecurityExpressionHandler@2b38b1f' of type [org.springframework.security.access.expression.method.DefaultMethodSecurityExpressionHandler] is not eligible for getting processed by all BeanPostProcessors (for example: not eligible for auto-proxying) 
[INFO] 2018-09-07 20:34:15.195 [main] [org.springframework.context.support.PostProcessorRegistrationDelegate$BeanPostProcessorChecker]325 - Bean 'org.springframework.security.config.annotation.method.configuration.GlobalMethodSecurityConfiguration' of type [org.springframework.security.config.annotation.method.configuration.GlobalMethodSecurityConfiguration$$EnhancerBySpringCGLIB$$c26d82e1] is not eligible for getting processed by all BeanPostProcessors (for example: not eligible for auto-proxying) 
[INFO] 2018-09-07 20:34:15.213 [main] [org.springframework.context.support.PostProcessorRegistrationDelegate$BeanPostProcessorChecker]325 - Bean 'methodSecurityMetadataSource' of type [org.springframework.security.access.method.DelegatingMethodSecurityMetadataSource] is not eligible for getting processed by all BeanPostProcessors (for example: not eligible for auto-proxying) 
[INFO] 2018-09-07 20:34:16.027 [main] [org.springframework.boot.context.embedded.tomcat.TomcatEmbeddedServletContainer]89 - Tomcat initialized with port(s): 8088 (http) 
[INFO] 2018-09-07 20:34:16.050 [main] [org.apache.juli.logging.DirectJDKLog]179 - Starting service Tomcat 
[INFO] 2018-09-07 20:34:16.051 [main] [org.apache.juli.logging.DirectJDKLog]179 - Starting Servlet Engine: Apache Tomcat/8.5.14 
[INFO] 2018-09-07 20:34:16.208 [localhost-startStop-1] [org.apache.juli.logging.DirectJDKLog]179 - Initializing Spring embedded WebApplicationContext 
[INFO] 2018-09-07 20:34:16.208 [localhost-startStop-1] [org.springframework.boot.context.embedded.EmbeddedWebApplicationContext]276 - Root WebApplicationContext: initialization completed in 6028 ms 
[INFO] 2018-09-07 20:34:16.669 [localhost-startStop-1] [redis.clients.jedis.JedisSentinelPool]136 - Trying to find master from available Sentinels... 
[INFO] 2018-09-07 20:34:16.711 [localhost-startStop-1] [redis.clients.jedis.JedisSentinelPool]185 - Redis master running at 192.168.13.62:6382, starting Sentinel listeners... 
[INFO] 2018-09-07 20:34:16.726 [localhost-startStop-1] [redis.clients.jedis.JedisSentinelPool]127 - Created JedisPool to master at 192.168.13.62:6382 
[INFO] 2018-09-07 20:34:16.897 [localhost-startStop-1] [org.springframework.boot.web.servlet.AbstractFilterRegistrationBean]258 - Mapping filter: 'characterEncodingFilter' to: [/*] 
[INFO] 2018-09-07 20:34:16.898 [localhost-startStop-1] [org.springframework.boot.web.servlet.AbstractFilterRegistrationBean]258 - Mapping filter: 'springSessionRepositoryFilter' to: [/*] 
[INFO] 2018-09-07 20:34:16.898 [localhost-startStop-1] [org.springframework.boot.web.servlet.AbstractFilterRegistrationBean]258 - Mapping filter: 'hiddenHttpMethodFilter' to: [/*] 
[INFO] 2018-09-07 20:34:16.898 [localhost-startStop-1] [org.springframework.boot.web.servlet.AbstractFilterRegistrationBean]258 - Mapping filter: 'httpPutFormContentFilter' to: [/*] 
[INFO] 2018-09-07 20:34:16.898 [localhost-startStop-1] [org.springframework.boot.web.servlet.AbstractFilterRegistrationBean]258 - Mapping filter: 'requestContextFilter' to: [/*] 
[INFO] 2018-09-07 20:34:16.900 [localhost-startStop-1] [org.springframework.boot.web.servlet.AbstractFilterRegistrationBean]258 - Mapping filter: 'springSecurityFilterChain' to: [/*] 
[INFO] 2018-09-07 20:34:16.900 [localhost-startStop-1] [org.springframework.boot.web.servlet.AbstractFilterRegistrationBean]258 - Mapping filter: 'corsFilter' to: [/*] 
[INFO] 2018-09-07 20:34:16.900 [localhost-startStop-1] [org.springframework.boot.web.servlet.ServletRegistrationBean]190 - Mapping servlet: 'dispatcherServlet' to [/] 
[INFO] 2018-09-07 20:34:19.315 [main] [org.springframework.web.servlet.handler.AbstractHandlerMethodMapping$MappingRegistry]543 - Mapped "{[/resource/queryAllResources],methods=[GET]}" onto public com.gwg.user.web.common.Result com.gwg.user.web.controller.ResourceController.queryAllResources() 
[INFO] 2018-09-07 20:34:19.316 [main] [org.springframework.web.servlet.handler.AbstractHandlerMethodMapping$MappingRegistry]543 - Mapped "{[/resource/queryCurrentUserMenu],methods=[GET]}" onto public com.gwg.user.web.common.Result com.gwg.user.web.controller.ResourceController.queryCurrentUserMenu() 
[INFO] 2018-09-07 20:34:19.318 [main] [org.springframework.web.servlet.handler.AbstractHandlerMethodMapping$MappingRegistry]543 - Mapped "{[/role/addRole],methods=[POST]}" onto public com.gwg.user.web.common.Result com.gwg.user.web.controller.RoleController.addRole(com.gwg.user.web.dto.RoleDto) 
[INFO] 2018-09-07 20:34:19.319 [main] [org.springframework.web.servlet.handler.AbstractHandlerMethodMapping$MappingRegistry]543 - Mapped "{[/role/updateRole],methods=[POST]}" onto public com.gwg.user.web.common.Result com.gwg.user.web.controller.RoleController.updateRole(com.gwg.user.web.dto.RoleDto) 
[INFO] 2018-09-07 20:34:19.319 [main] [org.springframework.web.servlet.handler.AbstractHandlerMethodMapping$MappingRegistry]543 - Mapped "{[/role/queryRoleByLimit],methods=[GET]}" onto public com.gwg.user.web.common.Result com.gwg.user.web.controller.RoleController.queryRoleByLimit(com.gwg.user.web.dto.RoleDto) 
[INFO] 2018-09-07 20:34:19.320 [main] [org.springframework.web.servlet.handler.AbstractHandlerMethodMapping$MappingRegistry]543 - Mapped "{[/role/delRole],methods=[POST]}" onto public com.gwg.user.web.common.Result com.gwg.user.web.controller.RoleController.delRole(com.gwg.user.web.dto.RoleDto) 
[INFO] 2018-09-07 20:34:19.320 [main] [org.springframework.web.servlet.handler.AbstractHandlerMethodMapping$MappingRegistry]543 - Mapped "{[/role/grantResources],methods=[POST]}" onto public com.gwg.user.web.common.Result<?> com.gwg.user.web.controller.RoleController.grantResources(com.gwg.user.web.dto.RoleDto) 
[INFO] 2018-09-07 20:34:19.320 [main] [org.springframework.web.servlet.handler.AbstractHandlerMethodMapping$MappingRegistry]543 - Mapped "{[/role/queryRoleRelatedAllResById],methods=[POST]}" onto public com.gwg.user.web.common.Result com.gwg.user.web.controller.RoleController.queryRoleRelatedAllResById(com.gwg.user.web.dto.RoleDto) 
[INFO] 2018-09-07 20:34:19.322 [main] [org.springframework.web.servlet.handler.AbstractHandlerMethodMapping$MappingRegistry]543 - Mapped "{[/user/addUserInfo],methods=[POST]}" onto public com.gwg.user.web.common.Result<?> com.gwg.user.web.controller.UserController.addUserInfo(com.gwg.user.web.dto.UserDto) 
[INFO] 2018-09-07 20:34:19.323 [main] [org.springframework.web.servlet.handler.AbstractHandlerMethodMapping$MappingRegistry]543 - Mapped "{[/user/updateUserInfo],methods=[POST]}" onto public com.gwg.user.web.common.Result<?> com.gwg.user.web.controller.UserController.updateUserInfo(com.gwg.user.web.dto.UserDto) 
[INFO] 2018-09-07 20:34:19.323 [main] [org.springframework.web.servlet.handler.AbstractHandlerMethodMapping$MappingRegistry]543 - Mapped "{[/user/queryUserInfoByLimit],methods=[POST]}" onto public com.gwg.user.web.common.Result com.gwg.user.web.controller.UserController.queryStaffInfoByLimit(com.gwg.user.web.dto.UserDto) 
[INFO] 2018-09-07 20:34:19.325 [main] [org.springframework.web.servlet.handler.AbstractHandlerMethodMapping$MappingRegistry]543 - Mapped "{[/v2/api-docs],methods=[GET],produces=[application/json || application/hal+json]}" onto public org.springframework.http.ResponseEntity<springfox.documentation.spring.web.json.Json> springfox.documentation.swagger2.web.Swagger2Controller.getDocumentation(java.lang.String,javax.servlet.http.HttpServletRequest) 
[INFO] 2018-09-07 20:34:19.329 [main] [org.springframework.web.servlet.handler.AbstractHandlerMethodMapping$MappingRegistry]543 - Mapped "{[/swagger-resources]}" onto org.springframework.http.ResponseEntity<java.util.List<springfox.documentation.swagger.web.SwaggerResource>> springfox.documentation.swagger.web.ApiResourceController.swaggerResources() 
[INFO] 2018-09-07 20:34:19.330 [main] [org.springframework.web.servlet.handler.AbstractHandlerMethodMapping$MappingRegistry]543 - Mapped "{[/configuration/ui]}" onto org.springframework.http.ResponseEntity<springfox.documentation.swagger.web.UiConfiguration> springfox.documentation.swagger.web.ApiResourceController.uiConfiguration() 
[INFO] 2018-09-07 20:34:19.331 [main] [org.springframework.web.servlet.handler.AbstractHandlerMethodMapping$MappingRegistry]543 - Mapped "{[/configuration/security]}" onto org.springframework.http.ResponseEntity<springfox.documentation.swagger.web.SecurityConfiguration> springfox.documentation.swagger.web.ApiResourceController.securityConfiguration() 
[INFO] 2018-09-07 20:34:19.337 [main] [org.springframework.web.servlet.handler.AbstractHandlerMethodMapping$MappingRegistry]543 - Mapped "{[/error]}" onto public org.springframework.http.ResponseEntity<java.util.Map<java.lang.String, java.lang.Object>> org.springframework.boot.autoconfigure.web.BasicErrorController.error(javax.servlet.http.HttpServletRequest) 
[INFO] 2018-09-07 20:34:19.337 [main] [org.springframework.web.servlet.handler.AbstractHandlerMethodMapping$MappingRegistry]543 - Mapped "{[/error],produces=[text/html]}" onto public org.springframework.web.servlet.ModelAndView org.springframework.boot.autoconfigure.web.BasicErrorController.errorHtml(javax.servlet.http.HttpServletRequest,javax.servlet.http.HttpServletResponse) 
[INFO] 2018-09-07 20:34:19.791 [main] [com.gwg.user.web.configuration.WebSecurityConfig]70 - 配置spring security start .... 
[INFO] 2018-09-07 20:34:19.874 [main] [org.springframework.security.web.DefaultSecurityFilterChain]43 - Creating filter chain: Ant [pattern='/swagger-ui.html'], [] 
[INFO] 2018-09-07 20:34:19.875 [main] [org.springframework.security.web.DefaultSecurityFilterChain]43 - Creating filter chain: Ant [pattern='/webjars/**'], [] 
[INFO] 2018-09-07 20:34:19.875 [main] [org.springframework.security.web.DefaultSecurityFilterChain]43 - Creating filter chain: Ant [pattern='/swagger-resources/**'], [] 
[INFO] 2018-09-07 20:34:19.875 [main] [org.springframework.security.web.DefaultSecurityFilterChain]43 - Creating filter chain: Ant [pattern='/v2/**'], [] 
[INFO] 2018-09-07 20:34:20.026 [main] [org.springframework.security.web.DefaultSecurityFilterChain]43 - Creating filter chain: org.springframework.security.web.util.matcher.AnyRequestMatcher@1, [org.springframework.security.web.context.request.async.WebAsyncManagerIntegrationFilter@46c662f2, org.springframework.security.web.context.SecurityContextPersistenceFilter@640a8f93, org.springframework.security.web.header.HeaderWriterFilter@40fe8fd5, org.springframework.security.web.authentication.logout.LogoutFilter@5a13f1f7, org.springframework.security.web.authentication.UsernamePasswordAuthenticationFilter@1f42366, org.springframework.security.web.session.ConcurrentSessionFilter@5aa6da2, org.springframework.security.web.savedrequest.RequestCacheAwareFilter@6335f04a, org.springframework.security.web.servletapi.SecurityContextHolderAwareRequestFilter@67fac095, org.springframework.security.web.authentication.AnonymousAuthenticationFilter@4afdfc0f, org.springframework.security.web.session.SessionManagementFilter@37ffe4f3, org.springframework.security.web.access.ExceptionTranslationFilter@7ab2ba47, org.springframework.security.web.access.intercept.FilterSecurityInterceptor@1109730f] 
[INFO] 2018-09-07 20:34:20.247 [main] [org.springframework.web.servlet.mvc.method.annotation.RequestMappingHandlerAdapter]534 - Looking for @ControllerAdvice: org.springframework.boot.context.embedded.AnnotationConfigEmbeddedWebApplicationContext@34c01041: startup date [Fri Sep 07 20:34:10 CST 2018]; root of context hierarchy 
[INFO] 2018-09-07 20:34:20.379 [main] [org.springframework.web.servlet.handler.AbstractUrlHandlerMapping]362 - Mapped URL path [/webjars/**] onto handler of type [class org.springframework.web.servlet.resource.ResourceHttpRequestHandler] 
[INFO] 2018-09-07 20:34:20.379 [main] [org.springframework.web.servlet.handler.AbstractUrlHandlerMapping]362 - Mapped URL path [/**] onto handler of type [class org.springframework.web.servlet.resource.ResourceHttpRequestHandler] 
[INFO] 2018-09-07 20:34:20.442 [main] [org.springframework.web.servlet.handler.AbstractUrlHandlerMapping]362 - Mapped URL path [/**/favicon.ico] onto handler of type [class org.springframework.web.servlet.resource.ResourceHttpRequestHandler] 
[INFO] 2018-09-07 20:34:20.481 [main] [org.springframework.boot.autoconfigure.web.WebMvcAutoConfiguration$WelcomePageHandlerMapping]573 - Adding welcome page: ServletContext resource [/index.html] 
[INFO] 2018-09-07 20:34:21.189 [main] [org.springframework.jmx.export.MBeanExporter]431 - Registering beans for JMX exposure on startup 
[INFO] 2018-09-07 20:34:21.193 [main] [org.springframework.jmx.export.MBeanExporter]916 - Bean with name 'dataSource' has been autodetected for JMX exposure 
[INFO] 2018-09-07 20:34:21.203 [main] [org.springframework.jmx.export.MBeanExporter]671 - Located MBean 'dataSource': registering with JMX server as MBean [com.alibaba.druid.pool:name=dataSource,type=DruidDataSource] 
[INFO] 2018-09-07 20:34:21.222 [main] [springfox.documentation.spring.web.plugins.DocumentationPluginsBootstrapper]84 - Context refreshed 
[INFO] 2018-09-07 20:34:21.248 [main] [springfox.documentation.spring.web.plugins.DocumentationPluginsBootstrapper]87 - Found 1 custom documentation plugin(s) 
[INFO] 2018-09-07 20:34:21.260 [main] [springfox.documentation.spring.web.scanners.ApiListingReferenceScanner]44 - Scanning for api listing references 
[INFO] 2018-09-07 20:34:21.553 [main] [org.apache.juli.logging.DirectJDKLog]179 - Initializing ProtocolHandler ["http-nio-8088"] 
[INFO] 2018-09-07 20:34:21.566 [main] [org.apache.juli.logging.DirectJDKLog]179 - Starting ProtocolHandler ["http-nio-8088"] 
[INFO] 2018-09-07 20:34:21.579 [main] [org.apache.juli.logging.DirectJDKLog]179 - Using a shared selector for servlet write/read 
[INFO] 2018-09-07 20:34:21.637 [main] [org.springframework.boot.context.embedded.tomcat.TomcatEmbeddedServletContainer]198 - Tomcat started on port(s): 8088 (http) 
[INFO] 2018-09-07 20:34:21.644 [main] [org.springframework.boot.StartupInfoLogger]57 - Started Application in 12.242 seconds (JVM running for 13.07) 
[INFO] 2018-09-07 20:34:48.394 [http-nio-8088-exec-1] [org.apache.juli.logging.DirectJDKLog]179 - Initializing Spring FrameworkServlet 'dispatcherServlet' 
[INFO] 2018-09-07 20:34:48.394 [http-nio-8088-exec-1] [org.springframework.web.servlet.FrameworkServlet]489 - FrameworkServlet 'dispatcherServlet': initialization started 
[INFO] 2018-09-07 20:34:48.423 [http-nio-8088-exec-1] [org.springframework.web.servlet.FrameworkServlet]508 - FrameworkServlet 'dispatcherServlet': initialization completed in 29 ms 
[INFO] 2018-09-07 20:34:48.962 [http-nio-8088-exec-1] [com.gwg.user.web.configuration.UserDetailsServiceImpl]40 - 前端闯过来的用户名为：00000014 
[INFO] 2018-09-07 20:34:50.610 [http-nio-8088-exec-2] [com.gwg.user.web.configuration.UserDetailsServiceImpl]40 - 前端闯过来的用户名为：00000014 
[INFO] 2018-09-07 20:35:44.447 [http-nio-8088-exec-1] [com.gwg.user.web.handler.UserAuthenticationFailureHandler]29 - 用户认证失败后的处理 start ..... 
[INFO] 2018-09-07 20:35:44.451 [http-nio-8088-exec-2] [com.gwg.user.web.handler.UserAuthenticationFailureHandler]29 - 用户认证失败后的处理 start ..... 
[INFO] 2018-09-07 20:36:49.513 [main] [org.springframework.boot.StartupInfoLogger]48 - Starting Application on DESKTOP-6OE57TT with PID 10648 (E:\spring_workspace\springsecurity-customAccessDecisionVoter-baseOnSpringboot\target\classes started by hp in E:\spring_workspace\springsecurity-customAccessDecisionVoter-baseOnSpringboot) 
[INFO] 2018-09-07 20:36:49.514 [main] [org.springframework.boot.SpringApplication]637 - No active profile set, falling back to default profiles: default 
[INFO] 2018-09-07 20:36:49.616 [main] [org.springframework.context.support.AbstractApplicationContext]582 - Refreshing org.springframework.boot.context.embedded.AnnotationConfigEmbeddedWebApplicationContext@34c01041: startup date [Fri Sep 07 20:36:49 CST 2018]; root of context hierarchy 
[INFO] 2018-09-07 20:36:49.986 [background-preinit] [org.hibernate.validator.internal.util.Version]30 - HV000001: Hibernate Validator 5.3.5.Final 
[INFO] 2018-09-07 20:36:51.344 [main] [org.springframework.data.repository.config.RepositoryConfigurationDelegate]165 - Multiple Spring Data modules found, entering strict repository configuration mode! 
[INFO] 2018-09-07 20:36:52.302 [main] [org.springframework.context.support.PostProcessorRegistrationDelegate$BeanPostProcessorChecker]325 - Bean 'org.springframework.security.config.annotation.configuration.ObjectPostProcessorConfiguration' of type [org.springframework.security.config.annotation.configuration.ObjectPostProcessorConfiguration$$EnhancerBySpringCGLIB$$77a5275d] is not eligible for getting processed by all BeanPostProcessors (for example: not eligible for auto-proxying) 
[INFO] 2018-09-07 20:36:52.319 [main] [org.springframework.context.support.PostProcessorRegistrationDelegate$BeanPostProcessorChecker]325 - Bean 'org.springframework.transaction.annotation.ProxyTransactionManagementConfiguration' of type [org.springframework.transaction.annotation.ProxyTransactionManagementConfiguration$$EnhancerBySpringCGLIB$$def75f23] is not eligible for getting processed by all BeanPostProcessors (for example: not eligible for auto-proxying) 
[INFO] 2018-09-07 20:36:52.429 [main] [org.springframework.context.support.PostProcessorRegistrationDelegate$BeanPostProcessorChecker]325 - Bean 'objectPostProcessor' of type [org.springframework.security.config.annotation.configuration.AutowireBeanFactoryObjectPostProcessor] is not eligible for getting processed by all BeanPostProcessors (for example: not eligible for auto-proxying) 
[INFO] 2018-09-07 20:36:52.432 [main] [org.springframework.context.support.PostProcessorRegistrationDelegate$BeanPostProcessorChecker]325 - Bean 'org.springframework.security.access.expression.method.DefaultMethodSecurityExpressionHandler@48e8c32a' of type [org.springframework.security.access.expression.method.DefaultMethodSecurityExpressionHandler] is not eligible for getting processed by all BeanPostProcessors (for example: not eligible for auto-proxying) 
[INFO] 2018-09-07 20:36:52.446 [main] [org.springframework.context.support.PostProcessorRegistrationDelegate$BeanPostProcessorChecker]325 - Bean 'org.springframework.security.config.annotation.method.configuration.GlobalMethodSecurityConfiguration' of type [org.springframework.security.config.annotation.method.configuration.GlobalMethodSecurityConfiguration$$EnhancerBySpringCGLIB$$9c79ca0f] is not eligible for getting processed by all BeanPostProcessors (for example: not eligible for auto-proxying) 
[INFO] 2018-09-07 20:36:52.456 [main] [org.springframework.context.support.PostProcessorRegistrationDelegate$BeanPostProcessorChecker]325 - Bean 'methodSecurityMetadataSource' of type [org.springframework.security.access.method.DelegatingMethodSecurityMetadataSource] is not eligible for getting processed by all BeanPostProcessors (for example: not eligible for auto-proxying) 
[INFO] 2018-09-07 20:36:53.109 [main] [org.springframework.boot.context.embedded.tomcat.TomcatEmbeddedServletContainer]89 - Tomcat initialized with port(s): 8088 (http) 
[INFO] 2018-09-07 20:36:53.128 [main] [org.apache.juli.logging.DirectJDKLog]179 - Starting service Tomcat 
[INFO] 2018-09-07 20:36:53.132 [main] [org.apache.juli.logging.DirectJDKLog]179 - Starting Servlet Engine: Apache Tomcat/8.5.14 
[INFO] 2018-09-07 20:36:53.303 [localhost-startStop-1] [org.apache.juli.logging.DirectJDKLog]179 - Initializing Spring embedded WebApplicationContext 
[INFO] 2018-09-07 20:36:53.303 [localhost-startStop-1] [org.springframework.boot.context.embedded.EmbeddedWebApplicationContext]276 - Root WebApplicationContext: initialization completed in 3700 ms 
[INFO] 2018-09-07 20:36:53.757 [localhost-startStop-1] [redis.clients.jedis.JedisSentinelPool]136 - Trying to find master from available Sentinels... 
[INFO] 2018-09-07 20:36:53.809 [localhost-startStop-1] [redis.clients.jedis.JedisSentinelPool]185 - Redis master running at 192.168.13.62:6382, starting Sentinel listeners... 
[INFO] 2018-09-07 20:36:53.831 [localhost-startStop-1] [redis.clients.jedis.JedisSentinelPool]127 - Created JedisPool to master at 192.168.13.62:6382 
[INFO] 2018-09-07 20:36:54.046 [localhost-startStop-1] [org.springframework.boot.web.servlet.AbstractFilterRegistrationBean]258 - Mapping filter: 'characterEncodingFilter' to: [/*] 
[INFO] 2018-09-07 20:36:54.046 [localhost-startStop-1] [org.springframework.boot.web.servlet.AbstractFilterRegistrationBean]258 - Mapping filter: 'springSessionRepositoryFilter' to: [/*] 
[INFO] 2018-09-07 20:36:54.047 [localhost-startStop-1] [org.springframework.boot.web.servlet.AbstractFilterRegistrationBean]258 - Mapping filter: 'hiddenHttpMethodFilter' to: [/*] 
[INFO] 2018-09-07 20:36:54.047 [localhost-startStop-1] [org.springframework.boot.web.servlet.AbstractFilterRegistrationBean]258 - Mapping filter: 'httpPutFormContentFilter' to: [/*] 
[INFO] 2018-09-07 20:36:54.047 [localhost-startStop-1] [org.springframework.boot.web.servlet.AbstractFilterRegistrationBean]258 - Mapping filter: 'requestContextFilter' to: [/*] 
[INFO] 2018-09-07 20:36:54.049 [localhost-startStop-1] [org.springframework.boot.web.servlet.AbstractFilterRegistrationBean]258 - Mapping filter: 'springSecurityFilterChain' to: [/*] 
[INFO] 2018-09-07 20:36:54.050 [localhost-startStop-1] [org.springframework.boot.web.servlet.AbstractFilterRegistrationBean]258 - Mapping filter: 'corsFilter' to: [/*] 
[INFO] 2018-09-07 20:36:54.051 [localhost-startStop-1] [org.springframework.boot.web.servlet.ServletRegistrationBean]190 - Mapping servlet: 'dispatcherServlet' to [/] 
[INFO] 2018-09-07 20:36:56.092 [main] [org.springframework.web.servlet.handler.AbstractHandlerMethodMapping$MappingRegistry]543 - Mapped "{[/resource/queryAllResources],methods=[GET]}" onto public com.gwg.user.web.common.Result com.gwg.user.web.controller.ResourceController.queryAllResources() 
[INFO] 2018-09-07 20:36:56.093 [main] [org.springframework.web.servlet.handler.AbstractHandlerMethodMapping$MappingRegistry]543 - Mapped "{[/resource/queryCurrentUserMenu],methods=[GET]}" onto public com.gwg.user.web.common.Result com.gwg.user.web.controller.ResourceController.queryCurrentUserMenu() 
[INFO] 2018-09-07 20:36:56.096 [main] [org.springframework.web.servlet.handler.AbstractHandlerMethodMapping$MappingRegistry]543 - Mapped "{[/role/addRole],methods=[POST]}" onto public com.gwg.user.web.common.Result com.gwg.user.web.controller.RoleController.addRole(com.gwg.user.web.dto.RoleDto) 
[INFO] 2018-09-07 20:36:56.096 [main] [org.springframework.web.servlet.handler.AbstractHandlerMethodMapping$MappingRegistry]543 - Mapped "{[/role/grantResources],methods=[POST]}" onto public com.gwg.user.web.common.Result<?> com.gwg.user.web.controller.RoleController.grantResources(com.gwg.user.web.dto.RoleDto) 
[INFO] 2018-09-07 20:36:56.096 [main] [org.springframework.web.servlet.handler.AbstractHandlerMethodMapping$MappingRegistry]543 - Mapped "{[/role/updateRole],methods=[POST]}" onto public com.gwg.user.web.common.Result com.gwg.user.web.controller.RoleController.updateRole(com.gwg.user.web.dto.RoleDto) 
[INFO] 2018-09-07 20:36:56.097 [main] [org.springframework.web.servlet.handler.AbstractHandlerMethodMapping$MappingRegistry]543 - Mapped "{[/role/queryRoleByLimit],methods=[GET]}" onto public com.gwg.user.web.common.Result com.gwg.user.web.controller.RoleController.queryRoleByLimit(com.gwg.user.web.dto.RoleDto) 
[INFO] 2018-09-07 20:36:56.097 [main] [org.springframework.web.servlet.handler.AbstractHandlerMethodMapping$MappingRegistry]543 - Mapped "{[/role/delRole],methods=[POST]}" onto public com.gwg.user.web.common.Result com.gwg.user.web.controller.RoleController.delRole(com.gwg.user.web.dto.RoleDto) 
[INFO] 2018-09-07 20:36:56.098 [main] [org.springframework.web.servlet.handler.AbstractHandlerMethodMapping$MappingRegistry]543 - Mapped "{[/role/queryRoleRelatedAllResById],methods=[POST]}" onto public com.gwg.user.web.common.Result com.gwg.user.web.controller.RoleController.queryRoleRelatedAllResById(com.gwg.user.web.dto.RoleDto) 
[INFO] 2018-09-07 20:36:56.101 [main] [org.springframework.web.servlet.handler.AbstractHandlerMethodMapping$MappingRegistry]543 - Mapped "{[/user/updateUserInfo],methods=[POST]}" onto public com.gwg.user.web.common.Result<?> com.gwg.user.web.controller.UserController.updateUserInfo(com.gwg.user.web.dto.UserDto) 
[INFO] 2018-09-07 20:36:56.101 [main] [org.springframework.web.servlet.handler.AbstractHandlerMethodMapping$MappingRegistry]543 - Mapped "{[/user/addUserInfo],methods=[POST]}" onto public com.gwg.user.web.common.Result<?> com.gwg.user.web.controller.UserController.addUserInfo(com.gwg.user.web.dto.UserDto) 
[INFO] 2018-09-07 20:36:56.102 [main] [org.springframework.web.servlet.handler.AbstractHandlerMethodMapping$MappingRegistry]543 - Mapped "{[/user/queryUserInfoByLimit],methods=[POST]}" onto public com.gwg.user.web.common.Result com.gwg.user.web.controller.UserController.queryStaffInfoByLimit(com.gwg.user.web.dto.UserDto) 
[INFO] 2018-09-07 20:36:56.105 [main] [org.springframework.web.servlet.handler.AbstractHandlerMethodMapping$MappingRegistry]543 - Mapped "{[/v2/api-docs],methods=[GET],produces=[application/json || application/hal+json]}" onto public org.springframework.http.ResponseEntity<springfox.documentation.spring.web.json.Json> springfox.documentation.swagger2.web.Swagger2Controller.getDocumentation(java.lang.String,javax.servlet.http.HttpServletRequest) 
[INFO] 2018-09-07 20:36:56.107 [main] [org.springframework.web.servlet.handler.AbstractHandlerMethodMapping$MappingRegistry]543 - Mapped "{[/configuration/ui]}" onto org.springframework.http.ResponseEntity<springfox.documentation.swagger.web.UiConfiguration> springfox.documentation.swagger.web.ApiResourceController.uiConfiguration() 
[INFO] 2018-09-07 20:36:56.108 [main] [org.springframework.web.servlet.handler.AbstractHandlerMethodMapping$MappingRegistry]543 - Mapped "{[/swagger-resources]}" onto org.springframework.http.ResponseEntity<java.util.List<springfox.documentation.swagger.web.SwaggerResource>> springfox.documentation.swagger.web.ApiResourceController.swaggerResources() 
[INFO] 2018-09-07 20:36:56.109 [main] [org.springframework.web.servlet.handler.AbstractHandlerMethodMapping$MappingRegistry]543 - Mapped "{[/configuration/security]}" onto org.springframework.http.ResponseEntity<springfox.documentation.swagger.web.SecurityConfiguration> springfox.documentation.swagger.web.ApiResourceController.securityConfiguration() 
[INFO] 2018-09-07 20:36:56.123 [main] [org.springframework.web.servlet.handler.AbstractHandlerMethodMapping$MappingRegistry]543 - Mapped "{[/error]}" onto public org.springframework.http.ResponseEntity<java.util.Map<java.lang.String, java.lang.Object>> org.springframework.boot.autoconfigure.web.BasicErrorController.error(javax.servlet.http.HttpServletRequest) 
[INFO] 2018-09-07 20:36:56.123 [main] [org.springframework.web.servlet.handler.AbstractHandlerMethodMapping$MappingRegistry]543 - Mapped "{[/error],produces=[text/html]}" onto public org.springframework.web.servlet.ModelAndView org.springframework.boot.autoconfigure.web.BasicErrorController.errorHtml(javax.servlet.http.HttpServletRequest,javax.servlet.http.HttpServletResponse) 
[INFO] 2018-09-07 20:36:56.549 [main] [com.gwg.user.web.configuration.WebSecurityConfig]70 - 配置spring security start .... 
[INFO] 2018-09-07 20:36:56.624 [main] [org.springframework.security.web.DefaultSecurityFilterChain]43 - Creating filter chain: Ant [pattern='/swagger-ui.html'], [] 
[INFO] 2018-09-07 20:36:56.624 [main] [org.springframework.security.web.DefaultSecurityFilterChain]43 - Creating filter chain: Ant [pattern='/webjars/**'], [] 
[INFO] 2018-09-07 20:36:56.624 [main] [org.springframework.security.web.DefaultSecurityFilterChain]43 - Creating filter chain: Ant [pattern='/swagger-resources/**'], [] 
[INFO] 2018-09-07 20:36:56.625 [main] [org.springframework.security.web.DefaultSecurityFilterChain]43 - Creating filter chain: Ant [pattern='/v2/**'], [] 
[INFO] 2018-09-07 20:36:56.760 [main] [org.springframework.security.web.DefaultSecurityFilterChain]43 - Creating filter chain: org.springframework.security.web.util.matcher.AnyRequestMatcher@1, [org.springframework.security.web.context.request.async.WebAsyncManagerIntegrationFilter@67eeb310, org.springframework.security.web.context.SecurityContextPersistenceFilter@60c96eb4, org.springframework.security.web.header.HeaderWriterFilter@3b39e79b, org.springframework.security.web.authentication.logout.LogoutFilter@64b73e0a, org.springframework.security.web.authentication.UsernamePasswordAuthenticationFilter@7e2bc2f4, org.springframework.security.web.session.ConcurrentSessionFilter@8432469, org.springframework.security.web.savedrequest.RequestCacheAwareFilter@5ab63a04, org.springframework.security.web.servletapi.SecurityContextHolderAwareRequestFilter@3a3ad8e7, org.springframework.security.web.authentication.AnonymousAuthenticationFilter@76af51d6, org.springframework.security.web.session.SessionManagementFilter@2f86f9cf, org.springframework.security.web.access.ExceptionTranslationFilter@4b6b5352, org.springframework.security.web.access.intercept.FilterSecurityInterceptor@19dac2d6] 
[INFO] 2018-09-07 20:36:56.981 [main] [org.springframework.web.servlet.mvc.method.annotation.RequestMappingHandlerAdapter]534 - Looking for @ControllerAdvice: org.springframework.boot.context.embedded.AnnotationConfigEmbeddedWebApplicationContext@34c01041: startup date [Fri Sep 07 20:36:49 CST 2018]; root of context hierarchy 
[INFO] 2018-09-07 20:36:57.136 [main] [org.springframework.web.servlet.handler.AbstractUrlHandlerMapping]362 - Mapped URL path [/webjars/**] onto handler of type [class org.springframework.web.servlet.resource.ResourceHttpRequestHandler] 
[INFO] 2018-09-07 20:36:57.137 [main] [org.springframework.web.servlet.handler.AbstractUrlHandlerMapping]362 - Mapped URL path [/**] onto handler of type [class org.springframework.web.servlet.resource.ResourceHttpRequestHandler] 
[INFO] 2018-09-07 20:36:57.218 [main] [org.springframework.web.servlet.handler.AbstractUrlHandlerMapping]362 - Mapped URL path [/**/favicon.ico] onto handler of type [class org.springframework.web.servlet.resource.ResourceHttpRequestHandler] 
[INFO] 2018-09-07 20:36:57.262 [main] [org.springframework.boot.autoconfigure.web.WebMvcAutoConfiguration$WelcomePageHandlerMapping]573 - Adding welcome page: ServletContext resource [/index.html] 
[INFO] 2018-09-07 20:36:58.146 [main] [org.springframework.jmx.export.MBeanExporter]431 - Registering beans for JMX exposure on startup 
[INFO] 2018-09-07 20:36:58.150 [main] [org.springframework.jmx.export.MBeanExporter]916 - Bean with name 'dataSource' has been autodetected for JMX exposure 
[INFO] 2018-09-07 20:36:58.156 [main] [org.springframework.jmx.export.MBeanExporter]671 - Located MBean 'dataSource': registering with JMX server as MBean [com.alibaba.druid.pool:name=dataSource,type=DruidDataSource] 
[INFO] 2018-09-07 20:36:58.184 [main] [springfox.documentation.spring.web.plugins.DocumentationPluginsBootstrapper]84 - Context refreshed 
[INFO] 2018-09-07 20:36:58.213 [main] [springfox.documentation.spring.web.plugins.DocumentationPluginsBootstrapper]87 - Found 1 custom documentation plugin(s) 
[INFO] 2018-09-07 20:36:58.225 [main] [springfox.documentation.spring.web.scanners.ApiListingReferenceScanner]44 - Scanning for api listing references 
[INFO] 2018-09-07 20:36:58.520 [main] [org.apache.juli.logging.DirectJDKLog]179 - Initializing ProtocolHandler ["http-nio-8088"] 
[INFO] 2018-09-07 20:36:58.534 [main] [org.apache.juli.logging.DirectJDKLog]179 - Starting ProtocolHandler ["http-nio-8088"] 
[INFO] 2018-09-07 20:36:58.551 [main] [org.apache.juli.logging.DirectJDKLog]179 - Using a shared selector for servlet write/read 
[INFO] 2018-09-07 20:36:58.582 [main] [org.springframework.boot.context.embedded.tomcat.TomcatEmbeddedServletContainer]198 - Tomcat started on port(s): 8088 (http) 
[INFO] 2018-09-07 20:36:58.591 [main] [org.springframework.boot.StartupInfoLogger]57 - Started Application in 9.711 seconds (JVM running for 10.987) 
[INFO] 2018-09-07 20:37:30.984 [http-nio-8088-exec-2] [org.apache.juli.logging.DirectJDKLog]179 - Initializing Spring FrameworkServlet 'dispatcherServlet' 
[INFO] 2018-09-07 20:37:30.984 [http-nio-8088-exec-2] [org.springframework.web.servlet.FrameworkServlet]489 - FrameworkServlet 'dispatcherServlet': initialization started 
[INFO] 2018-09-07 20:37:31.017 [http-nio-8088-exec-2] [org.springframework.web.servlet.FrameworkServlet]508 - FrameworkServlet 'dispatcherServlet': initialization completed in 33 ms 
[INFO] 2018-09-07 20:37:31.629 [http-nio-8088-exec-3] [com.gwg.user.web.configuration.UserDetailsServiceImpl]40 - 前端闯过来的用户名为：00000014 
[INFO] 2018-09-07 20:37:32.823 [http-nio-8088-exec-2] [com.gwg.user.web.configuration.UserDetailsServiceImpl]40 - 前端闯过来的用户名为：00000014 
[INFO] 2018-09-07 20:37:34.148 [http-nio-8088-exec-3] [com.gwg.user.web.handler.UserAuthenticationFailureHandler]29 - 用户认证失败后的处理 start ..... 
[INFO] 2018-09-07 20:40:42.515 [http-nio-8088-exec-2] [com.gwg.user.web.handler.UserAuthenticationFailureHandler]29 - 用户认证失败后的处理 start ..... 
